# JRE version: Java(TM) SE Runtime Environment (8.0_51-b16) (build 1.8.0_51-b16)
# Java VM: Java HotSpot(TM) 64-Bit Server VM (25.51-b03 mixed mode bsd-amd64 compressed oops)
Heap:
 PSYoungGen      total 76288K, used 46583K [0x000000076ab00000, 0x0000000770000000, 0x00000007c0000000)
  eden space 65536K, 71% used [0x000000076ab00000,0x000000076d87dc50,0x000000076eb00000)
  from space 10752K, 0% used [0x000000076eb00000,0x000000076eb00000,0x000000076f580000)
  to   space 10752K, 0% used [0x000000076f580000,0x000000076f580000,0x0000000770000000)
 ParOldGen       total 71168K, used 5430K [0x00000006c0000000, 0x00000006c4580000, 0x000000076ab00000)
  object space 71168K, 7% used [0x00000006c0000000,0x00000006c054db98,0x00000006c4580000)
 Metaspace       used 25135K, capacity 25992K, committed 26240K, reserved 1073152K
  class space    used 3175K, capacity 3364K, committed 3456K, reserved 1048576K
GC Heap History (8 events):
Event: 5.057 GC heap before
{Heap before GC invocations=1 (full 0):
 PSYoungGen      total 76288K, used 65536K [0x000000076ab00000, 0x0000000770000000, 0x00000007c0000000)
  eden space 65536K, 100% used [0x000000076ab00000,0x000000076eb00000,0x000000076eb00000)
  from space 10752K, 0% used [0x000000076f580000,0x000000076f580000,0x0000000770000000)
  to   space 10752K, 0% used [0x000000076eb00000,0x000000076eb00000,0x000000076f580000)
 ParOldGen       total 175104K, used 0K [0x00000006c0000000, 0x00000006cab00000, 0x000000076ab00000)
  object space 175104K, 0% used [0x00000006c0000000,0x00000006c0000000,0x00000006cab00000)
 Metaspace       used 10710K, capacity 11310K, committed 11520K, reserved 1058816K
  class space    used 1288K, capacity 1467K, committed 1536K, reserved 1048576K
Event: 5.070 GC heap after
Heap after GC invocations=1 (full 0):
 PSYoungGen      total 76288K, used 5523K [0x000000076ab00000, 0x0000000770000000, 0x00000007c0000000)
  eden space 65536K, 0% used [0x000000076ab00000,0x000000076ab00000,0x000000076eb00000)
  from space 10752K, 51% used [0x000000076eb00000,0x000000076f064d48,0x000000076f580000)
  to   space 10752K, 0% used [0x000000076f580000,0x000000076f580000,0x0000000770000000)
 ParOldGen       total 175104K, used 24K [0x00000006c0000000, 0x00000006cab00000, 0x000000076ab00000)
  object space 175104K, 0% used [0x00000006c0000000,0x00000006c0006000,0x00000006cab00000)
 Metaspace       used 10710K, capacity 11310K, committed 11520K, reserved 1058816K
  class space    used 1288K, capacity 1467K, committed 1536K, reserved 1048576K
}
Event: 14.315 GC heap before
{Heap before GC invocations=2 (full 0):
 PSYoungGen      total 76288K, used 71059K [0x000000076ab00000, 0x0000000770000000, 0x00000007c0000000)
  eden space 65536K, 100% used [0x000000076ab00000,0x000000076eb00000,0x000000076eb00000)
  from space 10752K, 51% used [0x000000076eb00000,0x000000076f064d48,0x000000076f580000)
  to   space 10752K, 0% used [0x000000076f580000,0x000000076f580000,0x0000000770000000)
 ParOldGen       total 175104K, used 24K [0x00000006c0000000, 0x00000006cab00000, 0x000000076ab00000)
  object space 175104K, 0% used [0x00000006c0000000,0x00000006c0006000,0x00000006cab00000)
 Metaspace       used 17532K, capacity 18286K, committed 18432K, reserved 1064960K
  class space    used 2115K, capacity 2285K, committed 2304K, reserved 1048576K
Event: 14.327 GC heap after
Heap after GC invocations=2 (full 0):
 PSYoungGen      total 76288K, used 8918K [0x000000076ab00000, 0x0000000770000000, 0x00000007c0000000)
  eden space 65536K, 0% used [0x000000076ab00000,0x000000076ab00000,0x000000076eb00000)
  from space 10752K, 82% used [0x000000076f580000,0x000000076fe35870,0x0000000770000000)
  to   space 10752K, 0% used [0x000000076eb00000,0x000000076eb00000,0x000000076f580000)
 ParOldGen       total 175104K, used 32K [0x00000006c0000000, 0x00000006cab00000, 0x000000076ab00000)
  object space 175104K, 0% used [0x00000006c0000000,0x00000006c0008000,0x00000006cab00000)
 Metaspace       used 17532K, capacity 18286K, committed 18432K, reserved 1064960K
  class space    used 2115K, capacity 2285K, committed 2304K, reserved 1048576K
}
Event: 17.366 GC heap before
{Heap before GC invocations=3 (full 0):
 PSYoungGen      total 76288K, used 27876K [0x000000076ab00000, 0x0000000770000000, 0x00000007c0000000)
  eden space 65536K, 28% used [0x000000076ab00000,0x000000076bd83908,0x000000076eb00000)
  from space 10752K, 82% used [0x000000076f580000,0x000000076fe35870,0x0000000770000000)
  to   space 10752K, 0% used [0x000000076eb00000,0x000000076eb00000,0x000000076f580000)
 ParOldGen       total 175104K, used 32K [0x00000006c0000000, 0x00000006cab00000, 0x000000076ab00000)
  object space 175104K, 0% used [0x00000006c0000000,0x00000006c0008000,0x00000006cab00000)
 Metaspace       used 20394K, capacity 21184K, committed 21296K, reserved 1069056K
  class space    used 2503K, capacity 2684K, committed 2688K, reserved 1048576K
Event: 17.374 GC heap after
Heap after GC invocations=3 (full 0):
 PSYoungGen      total 76288K, used 5646K [0x000000076ab00000, 0x0000000770000000, 0x00000007c0000000)
  eden space 65536K, 0% used [0x000000076ab00000,0x000000076ab00000,0x000000076eb00000)
  from space 10752K, 52% used [0x000000076eb00000,0x000000076f083840,0x000000076f580000)
  to   space 10752K, 0% used [0x000000076f580000,0x000000076f580000,0x0000000770000000)
 ParOldGen       total 175104K, used 40K [0x00000006c0000000, 0x00000006cab00000, 0x000000076ab00000)
  object space 175104K, 0% used [0x00000006c0000000,0x00000006c000a000,0x00000006cab00000)
 Metaspace       used 20394K, capacity 21184K, committed 21296K, reserved 1069056K
  class space    used 2503K, capacity 2684K, committed 2688K, reserved 1048576K
}
Event: 17.374 GC heap before
{Heap before GC invocations=4 (full 1):
 PSYoungGen      total 76288K, used 5646K [0x000000076ab00000, 0x0000000770000000, 0x00000007c0000000)
  eden space 65536K, 0% used [0x000000076ab00000,0x000000076ab00000,0x000000076eb00000)
  from space 10752K, 52% used [0x000000076eb00000,0x000000076f083840,0x000000076f580000)
  to   space 10752K, 0% used [0x000000076f580000,0x000000076f580000,0x0000000770000000)
 ParOldGen       total 175104K, used 40K [0x00000006c0000000, 0x00000006cab00000, 0x000000076ab00000)
  object space 175104K, 0% used [0x00000006c0000000,0x00000006c000a000,0x00000006cab00000)
 Metaspace       used 20394K, capacity 21184K, committed 21296K, reserved 1069056K
  class space    used 2503K, capacity 2684K, committed 2688K, reserved 1048576K
Event: 17.418 GC heap after
Heap after GC invocations=4 (full 1):
 PSYoungGen      total 76288K, used 0K [0x000000076ab00000, 0x0000000770000000, 0x00000007c0000000)
  eden space 65536K, 0% used [0x000000076ab00000,0x000000076ab00000,0x000000076eb00000)
  from space 10752K, 0% used [0x000000076eb00000,0x000000076eb00000,0x000000076f580000)
  to   space 10752K, 0% used [0x000000076f580000,0x000000076f580000,0x0000000770000000)
 ParOldGen       total 71168K, used 5430K [0x00000006c0000000, 0x00000006c4580000, 0x000000076ab00000)
  object space 71168K, 7% used [0x00000006c0000000,0x00000006c054db98,0x00000006c4580000)
 Metaspace       used 20394K, capacity 21184K, committed 21296K, reserved 1069056K
  class space    used 2503K, capacity 2684K, committed 2688K, reserved 1048576K
}

